<?xml version="1.0" encoding="UTF-8"?>
<testsuite name="com.petstore.cucumber.CucumberRunner" time="3.507" tests="40" errors="0" skipped="0" failures="0">
  <properties>
    <property name="idea.version" value="2022.2.2"/>
    <property name="java.runtime.name" value="Java(TM) SE Runtime Environment"/>
    <property name="sun.boot.library.path" value="C:\Program Files\Java\jdk1.8.0_121\jre\bin"/>
    <property name="java.vm.version" value="25.121-b13"/>
    <property name="java.vm.vendor" value="Oracle Corporation"/>
    <property name="maven.multiModuleProjectDirectory" value="C:\Users\dhara\IdeaProjects\petstore-serenity-cucumber"/>
    <property name="java.vendor.url" value="http://java.oracle.com/"/>
    <property name="path.separator" value=";"/>
    <property name="guice.disable.misplaced.annotation.check" value="true"/>
    <property name="java.vm.name" value="Java HotSpot(TM) 64-Bit Server VM"/>
    <property name="file.encoding.pkg" value="sun.io"/>
    <property name="user.script" value=""/>
    <property name="user.country" value="GB"/>
    <property name="sun.java.launcher" value="SUN_STANDARD"/>
    <property name="sun.os.patch.level" value=""/>
    <property name="java.vm.specification.name" value="Java Virtual Machine Specification"/>
    <property name="user.dir" value="C:\Users\dhara\IdeaProjects\petstore-serenity-cucumber"/>
    <property name="java.runtime.version" value="1.8.0_121-b13"/>
    <property name="java.awt.graphicsenv" value="sun.awt.Win32GraphicsEnvironment"/>
    <property name="java.endorsed.dirs" value="C:\Program Files\Java\jdk1.8.0_121\jre\lib\endorsed"/>
    <property name="os.arch" value="amd64"/>
    <property name="java.io.tmpdir" value="C:\Users\dhara\AppData\Local\Temp\"/>
    <property name="line.separator" value="&#10;"/>
    <property name="java.vm.specification.vendor" value="Oracle Corporation"/>
    <property name="user.variant" value=""/>
    <property name="os.name" value="Windows 10"/>
    <property name="maven.ext.class.path" value="C:\Program Files\JetBrains\IntelliJ IDEA Community Edition 2022.2.2\plugins\maven\lib\maven-event-listener.jar"/>
    <property name="classworlds.conf" value="C:\Program Files\JetBrains\IntelliJ IDEA Community Edition 2022.2.2\plugins\maven\lib\maven3\bin\m2.conf"/>
    <property name="sun.jnu.encoding" value="Cp1252"/>
    <property name="java.library.path" value="C:\Program Files\Java\jdk1.8.0_121\bin;C:\WINDOWS\Sun\Java\bin;C:\WINDOWS\system32;C:\WINDOWS;C:\ProgramData\Oracle\Java\javapath;C:\WINDOWS\system32;C:\WINDOWS;C:\WINDOWS\System32\Wbem;C:\WINDOWS\System32\WindowsPowerShell\v1.0\;C:\WINDOWS\System32\OpenSSH\;C:\Program Files\Java\jdk-17.0.2\bin;C:\Amit\JAVA\Maven\apache-maven-3.8.4\bin;C:\Program Files\Java\jdk1.8.0_121\bin;C:\Program Files\Git\cmd;C:\Program Files\Apache\apache-maven-3.8.6\bin;C:\Program Files\nodejs\;C:\Users\dhara\AppData\Local\Microsoft\WindowsApps;;C:\Program Files\JetBrains\IntelliJ IDEA Community Edition 2021.3.2\bin;;C:\Users\dhara\AppData\Local\Programs\Microsoft VS Code\bin;C:\Users\dhara\AppData\Roaming\npm;."/>
    <property name="maven.conf" value="C:\Program Files\JetBrains\IntelliJ IDEA Community Edition 2022.2.2\plugins\maven\lib\maven3/conf"/>
    <property name="java.specification.name" value="Java Platform API Specification"/>
    <property name="java.class.version" value="52.0"/>
    <property name="sun.management.compiler" value="HotSpot 64-Bit Tiered Compilers"/>
    <property name="os.version" value="10.0"/>
    <property name="user.home" value="C:\Users\dhara"/>
    <property name="user.timezone" value="Europe/London"/>
    <property name="java.awt.printerjob" value="sun.awt.windows.WPrinterJob"/>
    <property name="java.specification.version" value="1.8"/>
    <property name="file.encoding" value="UTF-8"/>
    <property name="user.name" value="dhara"/>
    <property name="java.class.path" value="C:\Program Files\JetBrains\IntelliJ IDEA Community Edition 2022.2.2\plugins\maven\lib\maven3\boot\plexus-classworlds-2.6.0.jar;C:\Program Files\JetBrains\IntelliJ IDEA Community Edition 2022.2.2\plugins\maven\lib\maven3\boot\plexus-classworlds.license;C:\Program Files\JetBrains\IntelliJ IDEA Community Edition 2022.2.2\lib\idea_rt.jar"/>
    <property name="java.vm.specification.version" value="1.8"/>
    <property name="sun.arch.data.model" value="64"/>
    <property name="java.home" value="C:\Program Files\Java\jdk1.8.0_121\jre"/>
    <property name="sun.java.command" value="org.codehaus.classworlds.Launcher -Didea.version=2022.2.2 clean verify serenity:aggregate"/>
    <property name="java.specification.vendor" value="Oracle Corporation"/>
    <property name="user.language" value="en"/>
    <property name="awt.toolkit" value="sun.awt.windows.WToolkit"/>
    <property name="java.vm.info" value="mixed mode"/>
    <property name="java.version" value="1.8.0_121"/>
    <property name="java.ext.dirs" value="C:\Program Files\Java\jdk1.8.0_121\jre\lib\ext;C:\WINDOWS\Sun\Java\lib\ext"/>
    <property name="sun.boot.class.path" value="C:\Program Files\Java\jdk1.8.0_121\jre\lib\resources.jar;C:\Program Files\Java\jdk1.8.0_121\jre\lib\rt.jar;C:\Program Files\Java\jdk1.8.0_121\jre\lib\sunrsasign.jar;C:\Program Files\Java\jdk1.8.0_121\jre\lib\jsse.jar;C:\Program Files\Java\jdk1.8.0_121\jre\lib\jce.jar;C:\Program Files\Java\jdk1.8.0_121\jre\lib\charsets.jar;C:\Program Files\Java\jdk1.8.0_121\jre\lib\jfr.jar;C:\Program Files\Java\jdk1.8.0_121\jre\classes"/>
    <property name="java.vendor" value="Oracle Corporation"/>
    <property name="maven.home" value="C:\Program Files\JetBrains\IntelliJ IDEA Community Edition 2022.2.2\plugins\maven\lib\maven3"/>
    <property name="file.separator" value="\"/>
    <property name="java.vendor.url.bug" value="http://bugreport.sun.com/bugreport/"/>
    <property name="sun.cpu.endian" value="little"/>
    <property name="sun.io.unicode.encoding" value="UnicodeLittle"/>
    <property name="sun.desktop" value="windows"/>
    <property name="sun.cpu.isalist" value="amd64"/>
  </properties>
  <testcase name="Given Petstore app is running" classname="| 1234 | Poochu | Owned |" time="0.001"/>
  <testcase name="Given Petstore app is running" classname="| 1234 | Poochu | Owned |" time="0"/>
  <testcase name="When I create a new Pet by providing petID &quot;1234&quot; name &quot;Poochu&quot; status &quot;Owned&quot;" classname="| 1234 | Poochu | Owned |" time="0"/>
  <testcase name="When I create a new Pet by providing petID &quot;1234&quot; name &quot;Poochu&quot; status &quot;Owned&quot;" classname="| 1234 | Poochu | Owned |" time="0"/>
  <testcase name="Then I must get back a valid status code 200" classname="| 1234 | Poochu | Owned |" time="0"/>
  <testcase name="| 1234 | Poochu | Owned |" classname="| 1234 | Poochu | Owned |" time="1.825"/>
  <testcase name="| 1234 | Poochu | Owned |" classname="| 1234 | Poochu | Owned |" time="0.108"/>
  <testcase name="| 1234 | Poochu | Owned |" classname="| 1234 | Poochu | Owned |" time="0.674"/>
  <testcase name="When I send GET request for petID &quot;&lt;id&gt;&quot;" classname="Scenario: As a user I am getting detail of new pet" time="0"/>
  <testcase name="Then I must get back valid status code 200" classname="Scenario: As a user I am getting detail of new pet" time="0"/>
  <testcase name="Scenario: As a user I am getting detail of new pet" classname="Scenario: As a user I am getting detail of new pet" time="0.052"/>
  <testcase name="When I update a Pet by providing petID &quot;1234&quot; name &quot;Poochu&quot; status &quot;Owned&quot;" classname="| 1234 | Poochu | Owned |" time="0"/>
  <testcase name="Then I must get a valid status code 200" classname="| 1234 | Poochu | Owned |" time="0"/>
  <testcase name="When I send delete request by petID &quot;&lt;id&gt;&quot;" classname="Scenario: As user I am deleting Pet detail" time="0"/>
  <testcase name="Then pet detail get deleted and get status code 200" classname="Scenario: As user I am deleting Pet detail" time="0"/>
  <testcase name="Scenario: As user I am deleting Pet detail" classname="Scenario: As user I am deleting Pet detail" time="0.049"/>
  <testcase name="And I send GET request for petID &quot;1234&quot;" classname="| 1234 | Poochu | Owned |" time="0"/>
  <testcase name="And I update a Pet by providing petID &quot;1234&quot; name &quot;Poochu&quot; status &quot;Owned&quot;" classname="| 1234 | Poochu | Owned |" time="0"/>
  <testcase name="And I send delete request by petID &quot;1234&quot;" classname="| 1234 | Poochu | Owned |" time="0"/>
  <testcase name="Then pet detail get deleted and get status code 200" classname="| 1234 | Poochu | Owned |" time="0"/>
  <testcase name="Given Petstore app is running" classname="| 999 | Champak | Champaklal | Gada | Champak.Gada@email.com | Champak789 | 07895628922 | 1 |" time="0"/>
  <testcase name="Given Petstore app is running" classname="| 999 | Champak | Champaklal | Gada | Champak.Gada@email.com | Champak789 | 07895628922 | 1 |" time="0"/>
  <testcase name="When I create a new user by providing userID &quot;999&quot; username &quot;Champak&quot; firstName &quot;Champaklal&quot; lastName &quot;Gada&quot; email &quot;Champak.Gada@email.com&quot; password &quot;Champak789&quot; phone &quot;07895628922&quot; userStatus &quot;1&quot;" classname="| 999 | Champak | Champaklal | Gada | Champak.Gada@email.com | Champak789 | 07895628922 | 1 |" time="0"/>
  <testcase name="When I create a new user by providing userID &quot;999&quot; username &quot;Champak&quot; firstName &quot;Champaklal&quot; lastName &quot;Gada&quot; email &quot;Champak.Gada@email.com&quot; password &quot;Champak789&quot; phone &quot;07895628922&quot; userStatus &quot;1&quot;" classname="| 999 | Champak | Champaklal | Gada | Champak.Gada@email.com | Champak789 | 07895628922 | 1 |" time="0"/>
  <testcase name="Then user must get back a valid status code 200" classname="| 999 | Champak | Champaklal | Gada | Champak.Gada@email.com | Champak789 | 07895628922 | 1 |" time="0"/>
  <testcase name="| 999 | Champak | Champaklal | Gada | Champak.Gada@email.com | Champak789 | 07895628922 | 1 |" classname="| 999 | Champak | Champaklal | Gada | Champak.Gada@email.com | Champak789 | 07895628922 | 1 |" time="0.598"/>
  <testcase name="| 999 | Champak | Champaklal | Gada | Champak.Gada@email.com | Champak789 | 07895628922 | 1 |" classname="| 999 | Champak | Champaklal | Gada | Champak.Gada@email.com | Champak789 | 07895628922 | 1 |" time="0.131"/>
  <testcase name="When I send GET request for userID &quot;&lt;id&gt;&quot;" classname="Scenario: As a user I am getting detail of new user" time="0"/>
  <testcase name="Then I should get back a valid status code 200" classname="Scenario: As a user I am getting detail of new user" time="0"/>
  <testcase name="Scenario: As a user I am getting detail of new user" classname="Scenario: As a user I am getting detail of new user" time="0.169"/>
  <testcase name="When I update user by providing userID &quot;999&quot; username &quot;Champak&quot; firstName &quot;Jethalal&quot; lastName &quot;Gada&quot; email &quot;Jetha.Gada@email.com&quot; password &quot;Champak586&quot; phone &quot;07895628922&quot; userStatus &quot;1&quot;" classname="| 999 | Champak | Jethalal | Gada | Jetha.Gada@email.com | Champak586 | 07895628922 | 1 |" time="0"/>
  <testcase name="Then I should get a valid status code 200" classname="| 999 | Champak | Jethalal | Gada | Jetha.Gada@email.com | Champak586 | 07895628922 | 1 |" time="0"/>
  <testcase name="| 999 | Champak | Jethalal | Gada | Jetha.Gada@email.com | Champak586 | 07895628922 | 1 |" classname="| 999 | Champak | Jethalal | Gada | Jetha.Gada@email.com | Champak586 | 07895628922 | 1 |" time="0.707"/>
  <testcase name="When I send delete request by userID &quot;&lt;id&gt;&quot;" classname="Scenario: As user I am deleting user detail" time="0"/>
  <testcase name="Then user get deleted and get status code 200" classname="Scenario: As user I am deleting user detail" time="0"/>
  <testcase name="Scenario: As user I am deleting user detail" classname="Scenario: As user I am deleting user detail" time="0.106"/>
  <testcase name="And I send GET request for userID &quot;999&quot;" classname="| 999 | Champak | Champaklal | Gada | Champak.Gada@email.com | Champak789 | 07895628922 | 1 |" time="0"/>
  <testcase name="And I update user by providing userID &quot;999&quot; username &quot;Champak&quot; firstName &quot;Champaklal&quot; lastName &quot;Gada&quot; email &quot;Champak.Gada@email.com&quot; password &quot;Champak789&quot; phone &quot;07895628922&quot; userStatus &quot;1&quot;" classname="| 999 | Champak | Champaklal | Gada | Champak.Gada@email.com | Champak789 | 07895628922 | 1 |" time="0"/>
  <testcase name="And I send delete request by userID &quot;999&quot;" classname="| 999 | Champak | Champaklal | Gada | Champak.Gada@email.com | Champak789 | 07895628922 | 1 |" time="0"/>
  <testcase name="Then user get deleted and get status code 200" classname="| 999 | Champak | Champaklal | Gada | Champak.Gada@email.com | Champak789 | 07895628922 | 1 |" time="0"/>
</testsuite>